{"timestamp":"2025-06-26 20:38:38","proforma_id":"1","achat_materiau_id":"739","filename":"proforma_20250626203838_3d2a68db_proforma.png","status":"success","user_id":80,"error":null}
{"timestamp":"2025-06-27 07:21:13","proforma_id":"2","achat_materiau_id":"740","filename":"proforma_20250627072113_df4d5a63_proforma.png","status":"success","user_id":80,"error":null}
{"timestamp":"2025-06-27 07:51:45","proforma_id":"3","achat_materiau_id":"741","filename":"proforma_20250627075145_11103ed7_proforma.png","status":"success","user_id":"80","error":null}
{"timestamp":"2025-06-27 07:51:45","proforma_id":null,"achat_materiau_id":"742","filename":"proforma.png","status":"error","user_id":"80","error":"Fichier invalide ou non fourni"}
{"timestamp":"2025-07-01 13:25:09","proforma_id":"4","achat_materiau_id":"745","filename":"proforma_20250701132509_8786cd70_proforma.png","status":"success","user_id":"80","error":null}
{"timestamp":"2025-07-01 15:56:12","proforma_id":"5","achat_materiau_id":"747","filename":"proforma_20250701155612_392486ac_proforma.png","status":"success","user_id":"80","error":null}
{"timestamp":"2025-07-01 15:56:12","proforma_id":null,"achat_materiau_id":"748","filename":"proforma.png","status":"error","user_id":"80","error":"Fichier invalide ou non fourni"}
{"timestamp":"2025-07-01 16:09:00","proforma_id":"6","achat_materiau_id":"749","filename":"proforma_20250701160900_bf551bdd_proforma.png","status":"success","user_id":"80","error":null}
{"timestamp":"2025-07-01 16:09:00","proforma_id":null,"achat_materiau_id":"750","filename":"proforma.png","status":"error","user_id":"80","error":"Fichier invalide ou non fourni"}
{"timestamp":"2025-07-01 16:20:35","proforma_id":"7","achat_materiau_id":"753","filename":"proforma_20250701162035_28b89c6c_facture.jpg","status":"success","user_id":"80","error":null}
{"timestamp":"2025-07-01 16:22:48","proforma_id":"8","achat_materiau_id":"754","filename":"proforma_20250701162248_134b63df_facture.jpg","status":"success","user_id":"80","error":null}
{"timestamp":"2025-07-01 17:00:17","proforma_id":"9","achat_materiau_id":"756","filename":"proforma_20250701170017_6c99ae38_facture.jpg","status":"success","user_id":"80","error":null}
{"timestamp":"2025-07-01 17:00:17","proforma_id":null,"achat_materiau_id":"757","filename":"facture.jpg","status":"error","user_id":"80","error":"Fichier invalide ou non fourni"}
{"timestamp":"2025-07-01 17:02:08","proforma_id":"10","achat_materiau_id":"758","filename":"proforma_20250701170208_718cdae8_facture.jpg","status":"success","user_id":"80","error":null}
{"timestamp":"2025-07-02 11:19:50","proforma_id":"11","achat_materiau_id":"766","filename":"proforma_20250702111950_6fe7054c_bon_commande_00219-1748603346342_4_.pdf","status":"success","user_id":"80","error":null}
{"timestamp":"2025-07-02 11:20:38","proforma_id":"12","achat_materiau_id":"767","filename":"proforma_20250702112038_51f6fb70_bon_commande_00219-1748603346342_5_.pdf","status":"success","user_id":"80","error":null}
{"timestamp":"2025-07-02 11:38:04","proforma_id":"13","achat_materiau_id":"768","filename":"proforma_20250702113804_7b938aff_bon_commande_00066-EXP_B-20250603_5_.pdf","status":"success","user_id":"80","error":null}
{"timestamp":"2025-07-02 15:32:32","proforma_id":"14","achat_materiau_id":"770","filename":"proforma_20250702153232_58041db1_proforma.png","status":"success","user_id":80,"error":null}
{"timestamp":"2025-07-02 15:37:20","proforma_id":"15","achat_materiau_id":"771","filename":"proforma_20250702153720_2f4b81f5_bon_commande_00056-EXP_B-20250526.pdf","status":"success","user_id":"80","error":null}
{"timestamp":"2025-07-02 15:37:20","proforma_id":null,"achat_materiau_id":"772","filename":"bon_commande_00056-EXP_B-20250526.pdf","status":"error","user_id":"80","error":"Fichier invalide ou non fourni"}
{"timestamp":"2025-07-02 15:41:16","proforma_id":"16","achat_materiau_id":"773","filename":"proforma_20250702154116_73c63312_bon_commande_00056-EXP_B-20250526.pdf","status":"success","user_id":"80","error":null}
{"timestamp":"2025-07-02 15:47:21","proforma_id":"17","achat_materiau_id":"774","filename":"proforma_20250702154721_51c09f73_bon_commande_00056-EXP_B-20250526.pdf","status":"success","user_id":"80","error":null}
{"timestamp":"2025-07-02 15:58:48","proforma_id":"18","achat_materiau_id":"775","filename":"proforma_20250702155848_8b3ec373_bon_commande_00056-EXP_B-20250526.pdf","status":"success","user_id":"80","error":null}
{"timestamp":"2025-07-02 15:58:48","proforma_id":null,"achat_materiau_id":"776","filename":"bon_commande_00056-EXP_B-20250526.pdf","status":"error","user_id":"80","error":"Fichier invalide ou non fourni"}
{"timestamp":"2025-07-02 16:12:58","proforma_id":"19","achat_materiau_id":"777","filename":"proforma_20250702161258_adec8725_bon_commande_00056-EXP_B-20250526.pdf","status":"success","user_id":"80","error":null}
{"timestamp":"2025-07-02 16:21:27","proforma_id":"20","achat_materiau_id":"778","filename":"proforma_20250702162127_827a0b25_proforma.png","status":"success","user_id":"80","error":null}
{"timestamp":"2025-07-02 16:27:49","proforma_id":"21","achat_materiau_id":"779","filename":"proforma_20250702162749_fbd316ce_facture.jpg","status":"success","user_id":"80","error":null}
{"timestamp":"2025-07-02 16:43:45","proforma_id":"22","achat_materiau_id":"780","filename":"proforma_20250702164345_861bd095_facture.jpg","status":"success","user_id":"80","error":null}
{"timestamp":"2025-07-02 16:49:26","proforma_id":"23","achat_materiau_id":"781","filename":"proforma_20250702164926_e9b76ffa_facture.jpg","status":"success","user_id":"80","error":null}
{"timestamp":"2025-07-02 16:52:13","proforma_id":"24","achat_materiau_id":"782","filename":"proforma_20250702165213_3f7e0f5e_permis_conduire.jpg","status":"success","user_id":"80","error":null}
{"timestamp":"2025-07-02 22:04:34","proforma_id":"25","achat_materiau_id":"783","filename":"proforma_20250702220434_15527c14_facture.jpg","status":"success","user_id":"80","error":null}
{"timestamp":"2025-07-03 07:41:13","proforma_id":"26","achat_materiau_id":"784","filename":"proforma_20250703074113_a8d8600b_facture.jpg","status":"success","user_id":"80","error":null}
{"timestamp":"2025-07-03 07:55:39","proforma_id":"27","achat_materiau_id":"785","filename":"proforma_20250703075539_550517de_proforma.png","status":"success","user_id":"80","error":null}
{"timestamp":"2025-07-03 07:58:35","proforma_id":"28","achat_materiau_id":"786","filename":"proforma_20250703075835_98bc6520_facture.jpg","status":"success","user_id":"80","error":null}
{"timestamp":"2025-07-03 08:02:27","proforma_id":"29","achat_materiau_id":"787","filename":"proforma_20250703080227_c7781112_bon_commande_00191-1746700846767.pdf","status":"success","user_id":"80","error":null}
{"timestamp":"2025-07-03 09:25:31","proforma_id":"30","achat_materiau_id":"788","filename":"proforma_20250703092531_9b93210a_bon_commande_00219-1748603346342_2_.pdf","status":"success","user_id":"80","error":null}
{"timestamp":"2025-07-03 09:37:58","proforma_id":"31","achat_materiau_id":"789","filename":"proforma_20250703093758_6c3b3ac5_bon_commande_00219-1748603346342_3_.pdf","status":"success","user_id":"80","error":null}
{"timestamp":"2025-07-03 09:40:05","proforma_id":"32","achat_materiau_id":"790","filename":"proforma_20250703094005_6fd6543d_bon_commande_00219-1748603346342_4_.pdf","status":"success","user_id":"80","error":null}
{"timestamp":"2025-07-03 09:52:13","proforma_id":"33","achat_materiau_id":"791","filename":"proforma_20250703095213_9e11ad6c_bon_commande_00056-EXP_B-20250526_3_.pdf","status":"success","user_id":"80","error":null}
{"timestamp":"2025-07-03 10:24:54","proforma_id":"34","achat_materiau_id":"792","filename":"proforma_20250703102454_8017e720_bon_commande_00056-EXP_B-20250526_4_.pdf","status":"success","user_id":80,"error":null}
{"timestamp":"2025-07-03 10:41:30","proforma_id":"35","achat_materiau_id":"793","filename":"proforma_20250703104130_1691afea_bon_commande_00066-EXP_B-20250603_4_.pdf","status":"success","user_id":"80","error":null}
{"timestamp":"2025-07-03 10:55:26","proforma_id":"36","achat_materiau_id":"794","filename":"proforma_20250703105526_50d08d12_bon_commande_00065-EXP_B-20250603.pdf","status":"success","user_id":"80","error":null}
{"timestamp":"2025-07-03 14:15:35","proforma_id":"37","achat_materiau_id":"795","filename":"proforma_20250703141535_c42435b6_WhatsApp_Image_2025-07-03_at_10.53.52.jpeg","status":"success","user_id":"80","error":null}
{"timestamp":"2025-07-03 14:21:27","proforma_id":"38","achat_materiau_id":"796","filename":"proforma_20250703142127_138006c5_WhatsApp_Image_2025-07-03_at_10.53.52.jpeg","status":"success","user_id":"80","error":null}
{"timestamp":"2025-07-03 14:27:47","proforma_id":"39","achat_materiau_id":"797","filename":"proforma_20250703142747_fa3527af_WhatsApp_Image_2025-07-03_at_10.53.52.jpeg","status":"success","user_id":"80","error":null}
{"timestamp":"2025-07-03 14:30:21","proforma_id":null,"achat_materiau_id":"798","filename":"WhatsApp Image 2025-07-03 at 10.53.52.jpeg","status":"error","user_id":"80","error":"SQLSTATE[23000]: Integrity constraint violation: 1048 Column 'fournisseur_id' cannot be null"}
{"timestamp":"2025-07-03 15:18:49","proforma_id":"40","achat_materiau_id":"799","filename":"proforma_20250703151849_bd0239fc_bon_commande_00219-1748603346342_5_.pdf","status":"success","user_id":"80","error":null}
{"timestamp":"2025-07-03 15:55:42","proforma_id":"41","achat_materiau_id":"800","filename":"proforma_20250703155542_5584d135_bon_commande_00066-EXP_B-20250603.pdf","status":"success","user_id":"80","error":null}
{"timestamp":"2025-07-03 15:57:33","proforma_id":"42","achat_materiau_id":"801","filename":"proforma_20250703155733_250832f9_WhatsApp_Image_2025-07-03_at_10.53.52.jpeg","status":"success","user_id":"80","error":null}
{"timestamp":"2025-07-03 15:58:38","proforma_id":"43","achat_materiau_id":"802","filename":"proforma_20250703155838_5c03b72e_WhatsApp_Image_2025-07-03_at_10.53.52.jpeg","status":"success","user_id":"80","error":null}
{"timestamp":"2025-07-03 15:59:53","proforma_id":"44","achat_materiau_id":"803","filename":"proforma_20250703155953_991b6e44_bon_commande_00066-EXP_B-20250603_2_.pdf","status":"success","user_id":"80","error":null}
{"timestamp":"2025-07-03 16:01:00","proforma_id":"45","achat_materiau_id":"804","filename":"proforma_20250703160100_06ef7050_bon_commande_00140-1742981270843_1_.pdf","status":"success","user_id":"80","error":null}
{"timestamp":"2025-07-03 16:13:42","proforma_id":"46","achat_materiau_id":"805","filename":"proforma_20250703161342_ef96d352_WhatsApp_Image_2025-07-03_at_10.53.52.jpeg","status":"success","user_id":"80","error":null}
{"timestamp":"2025-07-03 16:19:54","proforma_id":"47","achat_materiau_id":"806","filename":"proforma_20250703161954_ec004ccb_bon_commande_00140-1742981270843_3_.pdf","status":"success","user_id":"80","error":null}
{"timestamp":"2025-07-03 16:23:31","proforma_id":"48","achat_materiau_id":"807","filename":"proforma_20250703162331_a019c4c5_bon_commande_00058-EXP_B-20250526.pdf","status":"success","user_id":"80","error":null}
{"timestamp":"2025-07-04 09:06:53","proforma_id":null,"achat_materiau_id":"808","filename":"bon_commande_00221-1748618547790.pdf","status":"error","user_id":"80","error":"SQLSTATE[23000]: Integrity constraint violation: 1048 Column 'id_product' cannot be null"}
{"timestamp":"2025-07-04 09:18:25","proforma_id":null,"achat_materiau_id":"809","filename":"WhatsApp Image 2025-07-03 at 10.53.52.jpeg","status":"error","user_id":"80","error":"SQLSTATE[23000]: Integrity constraint violation: 1048 Column 'id_product' cannot be null"}
